<?xml version="1.0" encoding="UTF-8"?>
<testng-results ignored="0" total="2" passed="2" failed="0" skipped="0">
  <reporter-output>
  </reporter-output>
  <suite started-at="2021-06-08T00:23:02 CDT" name="Default suite" finished-at="2021-06-08T00:23:08 CDT" duration-ms="5935">
    <groups>
    </groups>
    <test started-at="2021-06-08T00:23:02 CDT" name="Default test" finished-at="2021-06-08T00:23:08 CDT" duration-ms="5935">
      <class name="tests.LoginTest">
        <test-method signature="setup()[pri:0, instance:tests.LoginTest@1e802ef9]" started-at="2021-06-08T00:23:02 CDT" name="setup" finished-at="2021-06-08T00:23:04 CDT" duration-ms="1603" status="PASS">
          <reporter-output>
          </reporter-output>
        </test-method> <!-- setup -->
        <test-method signature="test_login_happyPath()[pri:1, instance:tests.LoginTest@1e802ef9]" started-at="2021-06-08T00:23:04 CDT" name="test_login_happyPath" finished-at="2021-06-08T00:23:04 CDT" duration-ms="238" status="PASS">
          <reporter-output>
          </reporter-output>
        </test-method> <!-- test_login_happyPath -->
        <test-method is-config="true" signature="end()[pri:0, instance:tests.LoginTest@1e802ef9]" started-at="2021-06-08T00:23:04 CDT" name="end" finished-at="2021-06-08T00:23:08 CDT" duration-ms="4072" status="PASS">
          <reporter-output>
          </reporter-output>
        </test-method> <!-- end -->
      </class> <!-- tests.LoginTest -->
    </test> <!-- Default test -->
  </suite> <!-- Default suite -->
</testng-results>
